Analysis & Synthesis report for LSC
Tue Oct 22 21:48:44 2024
Quartus II 64-Bit Version 13.0.1 Build 232 06/12/2013 Service Pack 1 SJ Web Edition


---------------------
; Table of Contents ;
---------------------
  1. Legal Notice
  2. Analysis & Synthesis Summary
  3. Analysis & Synthesis Settings
  4. Parallel Compilation
  5. Analysis & Synthesis Source Files Read
  6. Analysis & Synthesis Resource Usage Summary
  7. Analysis & Synthesis Resource Utilization by Entity
  8. General Register Statistics
  9. Multiplexer Restructuring Statistics (Restructuring Performed)
 10. Parameter Settings for User Entity Instance: LogicCircuit4Bit:inst4|logiccircuit1bit:inst|74151:inst
 11. Parameter Settings for User Entity Instance: LogicCircuit4Bit:inst4|logiccircuit1bit:inst6|74151:inst
 12. Parameter Settings for User Entity Instance: LogicCircuit4Bit:inst4|logiccircuit1bit:inst8|74151:inst
 13. Parameter Settings for User Entity Instance: LogicCircuit4Bit:inst4|logiccircuit1bit:inst7|74151:inst
 14. Elapsed Time Per Partition
 15. Analysis & Synthesis Messages



----------------
; Legal Notice ;
----------------
Copyright (C) 1991-2013 Altera Corporation
Your use of Altera Corporation's design tools, logic functions 
and other software and tools, and its AMPP partner logic 
functions, and any output files from any of the foregoing 
(including device programming or simulation files), and any 
associated documentation or information are expressly subject 
to the terms and conditions of the Altera Program License 
Subscription Agreement, Altera MegaCore Function License 
Agreement, or other applicable license agreement, including, 
without limitation, that your use is for the sole purpose of 
programming logic devices manufactured by Altera and sold by 
Altera or its authorized distributors.  Please refer to the 
applicable agreement for further details.



+--------------------------------------------------------------------------------------+
; Analysis & Synthesis Summary                                                         ;
+------------------------------------+-------------------------------------------------+
; Analysis & Synthesis Status        ; Successful - Tue Oct 22 21:48:44 2024           ;
; Quartus II 64-Bit Version          ; 13.0.1 Build 232 06/12/2013 SP 1 SJ Web Edition ;
; Revision Name                      ; LSC                                             ;
; Top-level Entity Name              ; Lab3top                                         ;
; Family                             ; Cyclone IV E                                    ;
; Total logic elements               ; 58                                              ;
;     Total combinational functions  ; 45                                              ;
;     Dedicated logic registers      ; 20                                              ;
; Total registers                    ; 20                                              ;
; Total pins                         ; 21                                              ;
; Total virtual pins                 ; 0                                               ;
; Total memory bits                  ; 0                                               ;
; Embedded Multiplier 9-bit elements ; 0                                               ;
; Total PLLs                         ; 0                                               ;
+------------------------------------+-------------------------------------------------+


+----------------------------------------------------------------------------------------------------------------------+
; Analysis & Synthesis Settings                                                                                        ;
+----------------------------------------------------------------------------+--------------------+--------------------+
; Option                                                                     ; Setting            ; Default Value      ;
+----------------------------------------------------------------------------+--------------------+--------------------+
; Device                                                                     ; EP4CE115F29C7      ;                    ;
; Top-level entity name                                                      ; Lab3top            ; LSC                ;
; Family name                                                                ; Cyclone IV E       ; Cyclone IV GX      ;
; Use smart compilation                                                      ; Off                ; Off                ;
; Enable parallel Assembler and TimeQuest Timing Analyzer during compilation ; On                 ; On                 ;
; Enable compact report table                                                ; Off                ; Off                ;
; Restructure Multiplexers                                                   ; Auto               ; Auto               ;
; Create Debugging Nodes for IP Cores                                        ; Off                ; Off                ;
; Preserve fewer node names                                                  ; On                 ; On                 ;
; Disable OpenCore Plus hardware evaluation                                  ; Off                ; Off                ;
; Verilog Version                                                            ; Verilog_2001       ; Verilog_2001       ;
; VHDL Version                                                               ; VHDL_1993          ; VHDL_1993          ;
; State Machine Processing                                                   ; Auto               ; Auto               ;
; Safe State Machine                                                         ; Off                ; Off                ;
; Extract Verilog State Machines                                             ; On                 ; On                 ;
; Extract VHDL State Machines                                                ; On                 ; On                 ;
; Ignore Verilog initial constructs                                          ; Off                ; Off                ;
; Iteration limit for constant Verilog loops                                 ; 5000               ; 5000               ;
; Iteration limit for non-constant Verilog loops                             ; 250                ; 250                ;
; Add Pass-Through Logic to Inferred RAMs                                    ; On                 ; On                 ;
; Infer RAMs from Raw Logic                                                  ; On                 ; On                 ;
; Parallel Synthesis                                                         ; On                 ; On                 ;
; DSP Block Balancing                                                        ; Auto               ; Auto               ;
; NOT Gate Push-Back                                                         ; On                 ; On                 ;
; Power-Up Don't Care                                                        ; On                 ; On                 ;
; Remove Redundant Logic Cells                                               ; Off                ; Off                ;
; Remove Duplicate Registers                                                 ; On                 ; On                 ;
; Ignore CARRY Buffers                                                       ; Off                ; Off                ;
; Ignore CASCADE Buffers                                                     ; Off                ; Off                ;
; Ignore GLOBAL Buffers                                                      ; Off                ; Off                ;
; Ignore ROW GLOBAL Buffers                                                  ; Off                ; Off                ;
; Ignore LCELL Buffers                                                       ; Off                ; Off                ;
; Ignore SOFT Buffers                                                        ; On                 ; On                 ;
; Limit AHDL Integers to 32 Bits                                             ; Off                ; Off                ;
; Optimization Technique                                                     ; Balanced           ; Balanced           ;
; Carry Chain Length                                                         ; 70                 ; 70                 ;
; Auto Carry Chains                                                          ; On                 ; On                 ;
; Auto Open-Drain Pins                                                       ; On                 ; On                 ;
; Perform WYSIWYG Primitive Resynthesis                                      ; Off                ; Off                ;
; Auto ROM Replacement                                                       ; On                 ; On                 ;
; Auto RAM Replacement                                                       ; On                 ; On                 ;
; Auto DSP Block Replacement                                                 ; On                 ; On                 ;
; Auto Shift Register Replacement                                            ; Auto               ; Auto               ;
; Allow Shift Register Merging across Hierarchies                            ; Auto               ; Auto               ;
; Auto Clock Enable Replacement                                              ; On                 ; On                 ;
; Strict RAM Replacement                                                     ; Off                ; Off                ;
; Allow Synchronous Control Signals                                          ; On                 ; On                 ;
; Force Use of Synchronous Clear Signals                                     ; Off                ; Off                ;
; Auto RAM Block Balancing                                                   ; On                 ; On                 ;
; Auto RAM to Logic Cell Conversion                                          ; Off                ; Off                ;
; Auto Resource Sharing                                                      ; Off                ; Off                ;
; Allow Any RAM Size For Recognition                                         ; Off                ; Off                ;
; Allow Any ROM Size For Recognition                                         ; Off                ; Off                ;
; Allow Any Shift Register Size For Recognition                              ; Off                ; Off                ;
; Use LogicLock Constraints during Resource Balancing                        ; On                 ; On                 ;
; Ignore translate_off and synthesis_off directives                          ; Off                ; Off                ;
; Timing-Driven Synthesis                                                    ; On                 ; On                 ;
; Report Parameter Settings                                                  ; On                 ; On                 ;
; Report Source Assignments                                                  ; On                 ; On                 ;
; Report Connectivity Checks                                                 ; On                 ; On                 ;
; Ignore Maximum Fan-Out Assignments                                         ; Off                ; Off                ;
; Synchronization Register Chain Length                                      ; 2                  ; 2                  ;
; PowerPlay Power Optimization                                               ; Normal compilation ; Normal compilation ;
; HDL message level                                                          ; Level2             ; Level2             ;
; Suppress Register Optimization Related Messages                            ; Off                ; Off                ;
; Number of Removed Registers Reported in Synthesis Report                   ; 5000               ; 5000               ;
; Number of Swept Nodes Reported in Synthesis Report                         ; 5000               ; 5000               ;
; Number of Inverted Registers Reported in Synthesis Report                  ; 100                ; 100                ;
; Clock MUX Protection                                                       ; On                 ; On                 ;
; Auto Gated Clock Conversion                                                ; Off                ; Off                ;
; Block Design Naming                                                        ; Auto               ; Auto               ;
; SDC constraint protection                                                  ; Off                ; Off                ;
; Synthesis Effort                                                           ; Auto               ; Auto               ;
; Shift Register Replacement - Allow Asynchronous Clear Signal               ; On                 ; On                 ;
; Pre-Mapping Resynthesis Optimization                                       ; Off                ; Off                ;
; Analysis & Synthesis Message Level                                         ; Medium             ; Medium             ;
; Disable Register Merging Across Hierarchies                                ; Auto               ; Auto               ;
; Resource Aware Inference For Block RAM                                     ; On                 ; On                 ;
; Synthesis Seed                                                             ; 1                  ; 1                  ;
+----------------------------------------------------------------------------+--------------------+--------------------+


Parallel compilation was disabled, but you have multiple processors available. Enable parallel compilation to reduce compilation time.
+-------------------------------------+
; Parallel Compilation                ;
+----------------------------+--------+
; Processors                 ; Number ;
+----------------------------+--------+
; Number detected on machine ; 4      ;
; Maximum allowed            ; 1      ;
+----------------------------+--------+


+-----------------------------------------------------------------------------------------------------------------------------------------------------------------------------------------------------------------------------------------------------------------+
; Analysis & Synthesis Source Files Read                                                                                                                                                                                                                          ;
+----------------------------------+-----------------+------------------------------------+-------------------------------------------------------------------------------------------------------------------------------------------------------------+---------+
; File Name with User-Entered Path ; Used in Netlist ; File Type                          ; File Name with Absolute Path                                                                                                                                ; Library ;
+----------------------------------+-----------------+------------------------------------+-------------------------------------------------------------------------------------------------------------------------------------------------------------+---------+
; LogicCircuit4Bit.bdf             ; yes             ; User Block Diagram/Schematic File  ; H:/ceg2536Lab3/LogicCircuit4Bit.bdf                                                                                                                         ;         ;
; register4bits.bdf                ; yes             ; User Block Diagram/Schematic File  ; H:/ceg2536Lab3/register4bits.bdf                                                                                                                            ;         ;
; LogicCircuit1Bit.bdf             ; yes             ; User Block Diagram/Schematic File  ; H:/ceg2536Lab3/LogicCircuit1Bit.bdf                                                                                                                         ;         ;
; arithmeticCircuit1bit.bdf        ; yes             ; User Block Diagram/Schematic File  ; H:/ceg2536Lab3/arithmeticCircuit1bit.bdf                                                                                                                    ;         ;
; arithmeticCircuit4bit.bdf        ; yes             ; User Block Diagram/Schematic File  ; H:/ceg2536Lab3/arithmeticCircuit4bit.bdf                                                                                                                    ;         ;
; adder.bdf                        ; yes             ; User Block Diagram/Schematic File  ; H:/ceg2536Lab3/adder.bdf                                                                                                                                    ;         ;
; fulladder.bdf                    ; yes             ; User Block Diagram/Schematic File  ; H:/ceg2536Lab3/fulladder.bdf                                                                                                                                ;         ;
; state4bits.bdf                   ; yes             ; User Block Diagram/Schematic File  ; H:/ceg2536Lab3/state4bits.bdf                                                                                                                               ;         ;
; Lab3top.bdf                      ; yes             ; User Block Diagram/Schematic File  ; H:/ceg2536Lab3/Lab3top.bdf                                                                                                                                  ;         ;
; mux41.bdf                        ; yes             ; Megafunction                       ; c:/programdata/app-v/42a7790a-e852-4fd0-a846-61fbcbd0279a/f6001447-9727-4074-b939-1c3d5bbc9b4c/root/quartus_ii/quartus/libraries/others/maxplus2/mux41.bdf  ;         ;
; 74257.bdf                        ; yes             ; Megafunction                       ; c:/programdata/app-v/42a7790a-e852-4fd0-a846-61fbcbd0279a/f6001447-9727-4074-b939-1c3d5bbc9b4c/root/quartus_ii/quartus/libraries/others/maxplus2/74257.bdf  ;         ;
; 74151.tdf                        ; yes             ; Megafunction                       ; c:/programdata/app-v/42a7790a-e852-4fd0-a846-61fbcbd0279a/f6001447-9727-4074-b939-1c3d5bbc9b4c/root/quartus_ii/quartus/libraries/others/maxplus2/74151.tdf  ;         ;
; aglobal.inc                      ; yes             ; Megafunction                       ; c:/programdata/app-v/42a7790a-e852-4fd0-a846-61fbcbd0279a/f6001447-9727-4074-b939-1c3d5bbc9b4c/root/quartus_ii/quartus/libraries/megafunctions/aglobal.inc  ;         ;
; f74151.bdf                       ; yes             ; Megafunction                       ; c:/programdata/app-v/42a7790a-e852-4fd0-a846-61fbcbd0279a/f6001447-9727-4074-b939-1c3d5bbc9b4c/root/quartus_ii/quartus/libraries/others/maxplus2/f74151.bdf ;         ;
+----------------------------------+-----------------+------------------------------------+-------------------------------------------------------------------------------------------------------------------------------------------------------------+---------+


+---------------------------------------------------------+
; Analysis & Synthesis Resource Usage Summary             ;
+---------------------------------------------+-----------+
; Resource                                    ; Usage     ;
+---------------------------------------------+-----------+
; Estimated Total logic elements              ; 58        ;
;                                             ;           ;
; Total combinational functions               ; 45        ;
; Logic element usage by number of LUT inputs ;           ;
;     -- 4 input functions                    ; 26        ;
;     -- 3 input functions                    ; 13        ;
;     -- <=2 input functions                  ; 6         ;
;                                             ;           ;
; Logic elements by mode                      ;           ;
;     -- normal mode                          ; 45        ;
;     -- arithmetic mode                      ; 0         ;
;                                             ;           ;
; Total registers                             ; 20        ;
;     -- Dedicated logic registers            ; 20        ;
;     -- I/O registers                        ; 0         ;
;                                             ;           ;
; I/O pins                                    ; 21        ;
; Embedded Multiplier 9-bit elements          ; 0         ;
; Maximum fan-out node                        ; clk~input ;
; Maximum fan-out                             ; 20        ;
; Total fan-out                               ; 224       ;
; Average fan-out                             ; 2.09      ;
+---------------------------------------------+-----------+


+----------------------------------------------------------------------------------------------------------------------------------------------------------------------------------------------------------------------------------------------------------------+
; Analysis & Synthesis Resource Utilization by Entity                                                                                                                                                                                                            ;
+-------------------------------------+-------------------+--------------+-------------+--------------+---------+-----------+------+--------------+-----------------------------------------------------------------------------------------------+--------------+
; Compilation Hierarchy Node          ; LC Combinationals ; LC Registers ; Memory Bits ; DSP Elements ; DSP 9x9 ; DSP 18x18 ; Pins ; Virtual Pins ; Full Hierarchy Name                                                                           ; Library Name ;
+-------------------------------------+-------------------+--------------+-------------+--------------+---------+-----------+------+--------------+-----------------------------------------------------------------------------------------------+--------------+
; |Lab3top                            ; 45 (0)            ; 20 (0)       ; 0           ; 0            ; 0       ; 0         ; 21   ; 0            ; |Lab3top                                                                                      ; work         ;
;    |74257:inst7|                    ; 23 (23)           ; 0 (0)        ; 0           ; 0            ; 0       ; 0         ; 0    ; 0            ; |Lab3top|74257:inst7                                                                          ; work         ;
;    |LogicCircuit4Bit:inst4|         ; 5 (0)             ; 0 (0)        ; 0           ; 0            ; 0       ; 0         ; 0    ; 0            ; |Lab3top|LogicCircuit4Bit:inst4                                                               ; work         ;
;       |logiccircuit1bit:inst6|      ; 1 (0)             ; 0 (0)        ; 0           ; 0            ; 0       ; 0         ; 0    ; 0            ; |Lab3top|LogicCircuit4Bit:inst4|logiccircuit1bit:inst6                                        ; work         ;
;          |74151:inst|               ; 1 (0)             ; 0 (0)        ; 0           ; 0            ; 0       ; 0         ; 0    ; 0            ; |Lab3top|LogicCircuit4Bit:inst4|logiccircuit1bit:inst6|74151:inst                             ; work         ;
;             |f74151:sub|            ; 1 (1)             ; 0 (0)        ; 0           ; 0            ; 0       ; 0         ; 0    ; 0            ; |Lab3top|LogicCircuit4Bit:inst4|logiccircuit1bit:inst6|74151:inst|f74151:sub                  ; work         ;
;       |logiccircuit1bit:inst7|      ; 1 (0)             ; 0 (0)        ; 0           ; 0            ; 0       ; 0         ; 0    ; 0            ; |Lab3top|LogicCircuit4Bit:inst4|logiccircuit1bit:inst7                                        ; work         ;
;          |74151:inst|               ; 1 (0)             ; 0 (0)        ; 0           ; 0            ; 0       ; 0         ; 0    ; 0            ; |Lab3top|LogicCircuit4Bit:inst4|logiccircuit1bit:inst7|74151:inst                             ; work         ;
;             |f74151:sub|            ; 1 (1)             ; 0 (0)        ; 0           ; 0            ; 0       ; 0         ; 0    ; 0            ; |Lab3top|LogicCircuit4Bit:inst4|logiccircuit1bit:inst7|74151:inst|f74151:sub                  ; work         ;
;       |logiccircuit1bit:inst|       ; 3 (2)             ; 0 (0)        ; 0           ; 0            ; 0       ; 0         ; 0    ; 0            ; |Lab3top|LogicCircuit4Bit:inst4|logiccircuit1bit:inst                                         ; work         ;
;          |74151:inst|               ; 1 (0)             ; 0 (0)        ; 0           ; 0            ; 0       ; 0         ; 0    ; 0            ; |Lab3top|LogicCircuit4Bit:inst4|logiccircuit1bit:inst|74151:inst                              ; work         ;
;             |f74151:sub|            ; 1 (1)             ; 0 (0)        ; 0           ; 0            ; 0       ; 0         ; 0    ; 0            ; |Lab3top|LogicCircuit4Bit:inst4|logiccircuit1bit:inst|74151:inst|f74151:sub                   ; work         ;
;    |arithmeticCircuit4bit:inst60|   ; 14 (0)            ; 0 (0)        ; 0           ; 0            ; 0       ; 0         ; 0    ; 0            ; |Lab3top|arithmeticCircuit4bit:inst60                                                         ; work         ;
;       |arithmeticCircuit1bit:inst1| ; 3 (0)             ; 0 (0)        ; 0           ; 0            ; 0       ; 0         ; 0    ; 0            ; |Lab3top|arithmeticCircuit4bit:inst60|arithmeticCircuit1bit:inst1                             ; work         ;
;          |fulladder:inst4|          ; 1 (1)             ; 0 (0)        ; 0           ; 0            ; 0       ; 0         ; 0    ; 0            ; |Lab3top|arithmeticCircuit4bit:inst60|arithmeticCircuit1bit:inst1|fulladder:inst4             ; work         ;
;          |mux41:inst3|              ; 2 (2)             ; 0 (0)        ; 0           ; 0            ; 0       ; 0         ; 0    ; 0            ; |Lab3top|arithmeticCircuit4bit:inst60|arithmeticCircuit1bit:inst1|mux41:inst3                 ; work         ;
;       |arithmeticCircuit1bit:inst2| ; 4 (0)             ; 0 (0)        ; 0           ; 0            ; 0       ; 0         ; 0    ; 0            ; |Lab3top|arithmeticCircuit4bit:inst60|arithmeticCircuit1bit:inst2                             ; work         ;
;          |fulladder:inst4|          ; 2 (1)             ; 0 (0)        ; 0           ; 0            ; 0       ; 0         ; 0    ; 0            ; |Lab3top|arithmeticCircuit4bit:inst60|arithmeticCircuit1bit:inst2|fulladder:inst4             ; work         ;
;             |adder:inst1|           ; 1 (1)             ; 0 (0)        ; 0           ; 0            ; 0       ; 0         ; 0    ; 0            ; |Lab3top|arithmeticCircuit4bit:inst60|arithmeticCircuit1bit:inst2|fulladder:inst4|adder:inst1 ; work         ;
;          |mux41:inst3|              ; 2 (2)             ; 0 (0)        ; 0           ; 0            ; 0       ; 0         ; 0    ; 0            ; |Lab3top|arithmeticCircuit4bit:inst60|arithmeticCircuit1bit:inst2|mux41:inst3                 ; work         ;
;       |arithmeticCircuit1bit:inst3| ; 5 (0)             ; 0 (0)        ; 0           ; 0            ; 0       ; 0         ; 0    ; 0            ; |Lab3top|arithmeticCircuit4bit:inst60|arithmeticCircuit1bit:inst3                             ; work         ;
;          |fulladder:inst4|          ; 2 (1)             ; 0 (0)        ; 0           ; 0            ; 0       ; 0         ; 0    ; 0            ; |Lab3top|arithmeticCircuit4bit:inst60|arithmeticCircuit1bit:inst3|fulladder:inst4             ; work         ;
;             |adder:inst1|           ; 1 (1)             ; 0 (0)        ; 0           ; 0            ; 0       ; 0         ; 0    ; 0            ; |Lab3top|arithmeticCircuit4bit:inst60|arithmeticCircuit1bit:inst3|fulladder:inst4|adder:inst1 ; work         ;
;          |mux41:inst3|              ; 3 (3)             ; 0 (0)        ; 0           ; 0            ; 0       ; 0         ; 0    ; 0            ; |Lab3top|arithmeticCircuit4bit:inst60|arithmeticCircuit1bit:inst3|mux41:inst3                 ; work         ;
;       |arithmeticCircuit1bit:inst|  ; 2 (0)             ; 0 (0)        ; 0           ; 0            ; 0       ; 0         ; 0    ; 0            ; |Lab3top|arithmeticCircuit4bit:inst60|arithmeticCircuit1bit:inst                              ; work         ;
;          |fulladder:inst4|          ; 2 (1)             ; 0 (0)        ; 0           ; 0            ; 0       ; 0         ; 0    ; 0            ; |Lab3top|arithmeticCircuit4bit:inst60|arithmeticCircuit1bit:inst|fulladder:inst4              ; work         ;
;             |adder:inst1|           ; 1 (1)             ; 0 (0)        ; 0           ; 0            ; 0       ; 0         ; 0    ; 0            ; |Lab3top|arithmeticCircuit4bit:inst60|arithmeticCircuit1bit:inst|fulladder:inst4|adder:inst1  ; work         ;
;    |register4bits:inst10|           ; 0 (0)             ; 4 (4)        ; 0           ; 0            ; 0       ; 0         ; 0    ; 0            ; |Lab3top|register4bits:inst10                                                                 ; work         ;
;    |register4bits:inst1|            ; 0 (0)             ; 4 (4)        ; 0           ; 0            ; 0       ; 0         ; 0    ; 0            ; |Lab3top|register4bits:inst1                                                                  ; work         ;
;    |register4bits:inst6|            ; 0 (0)             ; 4 (4)        ; 0           ; 0            ; 0       ; 0         ; 0    ; 0            ; |Lab3top|register4bits:inst6                                                                  ; work         ;
;    |register4bits:inst9|            ; 0 (0)             ; 4 (4)        ; 0           ; 0            ; 0       ; 0         ; 0    ; 0            ; |Lab3top|register4bits:inst9                                                                  ; work         ;
;    |register4bits:inst|             ; 0 (0)             ; 4 (4)        ; 0           ; 0            ; 0       ; 0         ; 0    ; 0            ; |Lab3top|register4bits:inst                                                                   ; work         ;
;    |state4bits:inst5|               ; 3 (3)             ; 0 (0)        ; 0           ; 0            ; 0       ; 0         ; 0    ; 0            ; |Lab3top|state4bits:inst5                                                                     ; work         ;
+-------------------------------------+-------------------+--------------+-------------+--------------+---------+-----------+------+--------------+-----------------------------------------------------------------------------------------------+--------------+
Note: For table entries with two numbers listed, the numbers in parentheses indicate the number of resources of the given type used by the specific entity alone. The numbers listed outside of parentheses indicate the total resources of the given type used by the specific entity and all of its sub-entities in the hierarchy.


+------------------------------------------------------+
; General Register Statistics                          ;
+----------------------------------------------+-------+
; Statistic                                    ; Value ;
+----------------------------------------------+-------+
; Total registers                              ; 20    ;
; Number of registers using Synchronous Clear  ; 0     ;
; Number of registers using Synchronous Load   ; 0     ;
; Number of registers using Asynchronous Clear ; 0     ;
; Number of registers using Asynchronous Load  ; 0     ;
; Number of registers using Clock Enable       ; 0     ;
; Number of registers using Preset             ; 0     ;
+----------------------------------------------+-------+


+------------------------------------------------------------------------------------------------------------------------------------------+
; Multiplexer Restructuring Statistics (Restructuring Performed)                                                                           ;
+--------------------+-----------+---------------+----------------------+------------------------+------------+----------------------------+
; Multiplexer Inputs ; Bus Width ; Baseline Area ; Area if Restructured ; Saving if Restructured ; Registered ; Example Multiplexer Output ;
+--------------------+-----------+---------------+----------------------+------------------------+------------+----------------------------+
; 6:1                ; 2 bits    ; 8 LEs         ; 8 LEs                ; 0 LEs                  ; No         ; |Lab3top|74257:inst7|30    ;
; 7:1                ; 2 bits    ; 8 LEs         ; 8 LEs                ; 0 LEs                  ; No         ; |Lab3top|74257:inst7|25    ;
+--------------------+-----------+---------------+----------------------+------------------------+------------+----------------------------+


+------------------------------------------------------------------------------------------------------+
; Parameter Settings for User Entity Instance: LogicCircuit4Bit:inst4|logiccircuit1bit:inst|74151:inst ;
+------------------------+--------------+--------------------------------------------------------------+
; Parameter Name         ; Value        ; Type                                                         ;
+------------------------+--------------+--------------------------------------------------------------+
; DEVICE_FAMILY          ; Cyclone IV E ; Untyped                                                      ;
; AUTO_CARRY_CHAINS      ; ON           ; AUTO_CARRY                                                   ;
; IGNORE_CARRY_BUFFERS   ; OFF          ; IGNORE_CARRY                                                 ;
; AUTO_CASCADE_CHAINS    ; ON           ; AUTO_CASCADE                                                 ;
; IGNORE_CASCADE_BUFFERS ; OFF          ; IGNORE_CASCADE                                               ;
+------------------------+--------------+--------------------------------------------------------------+
Note: In order to hide this table in the UI and the text report file, please set the "Show Parameter Settings in Synthesis Report" option in "Analysis and Synthesis Settings -> More Settings" to "Off".


+-------------------------------------------------------------------------------------------------------+
; Parameter Settings for User Entity Instance: LogicCircuit4Bit:inst4|logiccircuit1bit:inst6|74151:inst ;
+------------------------+--------------+---------------------------------------------------------------+
; Parameter Name         ; Value        ; Type                                                          ;
+------------------------+--------------+---------------------------------------------------------------+
; DEVICE_FAMILY          ; Cyclone IV E ; Untyped                                                       ;
; AUTO_CARRY_CHAINS      ; ON           ; AUTO_CARRY                                                    ;
; IGNORE_CARRY_BUFFERS   ; OFF          ; IGNORE_CARRY                                                  ;
; AUTO_CASCADE_CHAINS    ; ON           ; AUTO_CASCADE                                                  ;
; IGNORE_CASCADE_BUFFERS ; OFF          ; IGNORE_CASCADE                                                ;
+------------------------+--------------+---------------------------------------------------------------+
Note: In order to hide this table in the UI and the text report file, please set the "Show Parameter Settings in Synthesis Report" option in "Analysis and Synthesis Settings -> More Settings" to "Off".


+-------------------------------------------------------------------------------------------------------+
; Parameter Settings for User Entity Instance: LogicCircuit4Bit:inst4|logiccircuit1bit:inst8|74151:inst ;
+------------------------+--------------+---------------------------------------------------------------+
; Parameter Name         ; Value        ; Type                                                          ;
+------------------------+--------------+---------------------------------------------------------------+
; DEVICE_FAMILY          ; Cyclone IV E ; Untyped                                                       ;
; AUTO_CARRY_CHAINS      ; ON           ; AUTO_CARRY                                                    ;
; IGNORE_CARRY_BUFFERS   ; OFF          ; IGNORE_CARRY                                                  ;
; AUTO_CASCADE_CHAINS    ; ON           ; AUTO_CASCADE                                                  ;
; IGNORE_CASCADE_BUFFERS ; OFF          ; IGNORE_CASCADE                                                ;
+------------------------+--------------+---------------------------------------------------------------+
Note: In order to hide this table in the UI and the text report file, please set the "Show Parameter Settings in Synthesis Report" option in "Analysis and Synthesis Settings -> More Settings" to "Off".


+-------------------------------------------------------------------------------------------------------+
; Parameter Settings for User Entity Instance: LogicCircuit4Bit:inst4|logiccircuit1bit:inst7|74151:inst ;
+------------------------+--------------+---------------------------------------------------------------+
; Parameter Name         ; Value        ; Type                                                          ;
+------------------------+--------------+---------------------------------------------------------------+
; DEVICE_FAMILY          ; Cyclone IV E ; Untyped                                                       ;
; AUTO_CARRY_CHAINS      ; ON           ; AUTO_CARRY                                                    ;
; IGNORE_CARRY_BUFFERS   ; OFF          ; IGNORE_CARRY                                                  ;
; AUTO_CASCADE_CHAINS    ; ON           ; AUTO_CASCADE                                                  ;
; IGNORE_CASCADE_BUFFERS ; OFF          ; IGNORE_CASCADE                                                ;
+------------------------+--------------+---------------------------------------------------------------+
Note: In order to hide this table in the UI and the text report file, please set the "Show Parameter Settings in Synthesis Report" option in "Analysis and Synthesis Settings -> More Settings" to "Off".


+-------------------------------+
; Elapsed Time Per Partition    ;
+----------------+--------------+
; Partition Name ; Elapsed Time ;
+----------------+--------------+
; Top            ; 00:00:00     ;
+----------------+--------------+


+-------------------------------+
; Analysis & Synthesis Messages ;
+-------------------------------+
Info: *******************************************************************
Info: Running Quartus II 64-Bit Analysis & Synthesis
    Info: Version 13.0.1 Build 232 06/12/2013 Service Pack 1 SJ Web Edition
    Info: Processing started: Tue Oct 22 21:48:39 2024
Info: Command: quartus_map --read_settings_files=on --write_settings_files=off LSC -c LSC
Warning (20028): Parallel compilation is not licensed and has been disabled
Info (12021): Found 1 design units, including 1 entities, in source file logiccircuit4bit.bdf
    Info (12023): Found entity 1: LogicCircuit4Bit
Info (12021): Found 1 design units, including 1 entities, in source file register4bits.bdf
    Info (12023): Found entity 1: register4bits
Info (12021): Found 1 design units, including 1 entities, in source file logiccircuit1bit.bdf
    Info (12023): Found entity 1: logiccircuit1bit
Info (12021): Found 1 design units, including 1 entities, in source file arithmeticcircuit1bit.bdf
    Info (12023): Found entity 1: arithmeticCircuit1bit
Info (12021): Found 1 design units, including 1 entities, in source file arithmeticcircuit4bit.bdf
    Info (12023): Found entity 1: arithmeticCircuit4bit
Info (12021): Found 1 design units, including 1 entities, in source file adder.bdf
    Info (12023): Found entity 1: adder
Info (12021): Found 1 design units, including 1 entities, in source file fulladder.bdf
    Info (12023): Found entity 1: fulladder
Info (12021): Found 1 design units, including 1 entities, in source file state4bits.bdf
    Info (12023): Found entity 1: state4bits
Info (12021): Found 1 design units, including 1 entities, in source file lab3top.bdf
    Info (12023): Found entity 1: Lab3top
Info (12127): Elaborating entity "Lab3top" for the top level hierarchy
Info (12128): Elaborating entity "register4bits" for hierarchy "register4bits:inst9"
Info (12128): Elaborating entity "state4bits" for hierarchy "state4bits:inst5"
Info (12128): Elaborating entity "arithmeticCircuit4bit" for hierarchy "arithmeticCircuit4bit:inst60"
Info (12128): Elaborating entity "arithmeticCircuit1bit" for hierarchy "arithmeticCircuit4bit:inst60|arithmeticCircuit1bit:inst"
Info (12128): Elaborating entity "fulladder" for hierarchy "arithmeticCircuit4bit:inst60|arithmeticCircuit1bit:inst|fulladder:inst4"
Info (12128): Elaborating entity "adder" for hierarchy "arithmeticCircuit4bit:inst60|arithmeticCircuit1bit:inst|fulladder:inst4|adder:inst1"
Info (12128): Elaborating entity "MUX41" for hierarchy "arithmeticCircuit4bit:inst60|arithmeticCircuit1bit:inst|MUX41:inst2"
Info (12130): Elaborated megafunction instantiation "arithmeticCircuit4bit:inst60|arithmeticCircuit1bit:inst|MUX41:inst2"
Info (12128): Elaborating entity "74257" for hierarchy "74257:inst7"
Info (12130): Elaborated megafunction instantiation "74257:inst7"
Info (12128): Elaborating entity "LogicCircuit4Bit" for hierarchy "LogicCircuit4Bit:inst4"
Info (12128): Elaborating entity "logiccircuit1bit" for hierarchy "LogicCircuit4Bit:inst4|logiccircuit1bit:inst"
Warning (275011): Block or symbol "XOR" of instance "inst5" overlaps another block or symbol
Info (12128): Elaborating entity "74151" for hierarchy "LogicCircuit4Bit:inst4|logiccircuit1bit:inst|74151:inst"
Info (12130): Elaborated megafunction instantiation "LogicCircuit4Bit:inst4|logiccircuit1bit:inst|74151:inst"
Info (12128): Elaborating entity "f74151" for hierarchy "LogicCircuit4Bit:inst4|logiccircuit1bit:inst|74151:inst|f74151:sub"
Info (12131): Elaborated megafunction instantiation "LogicCircuit4Bit:inst4|logiccircuit1bit:inst|74151:inst|f74151:sub", which is child of megafunction instantiation "LogicCircuit4Bit:inst4|logiccircuit1bit:inst|74151:inst"
Info (13014): Ignored 8 buffer(s)
    Info (13017): Ignored 8 CASCADE buffer(s)
Warning (13046): Tri-state node(s) do not directly drive top-level pin(s)
    Warning (13049): Converted tri-state buffer "74257:inst7|29" feeding internal logic into a wire
    Warning (13049): Converted tri-state buffer "74257:inst7|26" feeding internal logic into a wire
    Warning (13049): Converted tri-state buffer "74257:inst7|22" feeding internal logic into a wire
    Warning (13049): Converted tri-state buffer "74257:inst7|20" feeding internal logic into a wire
Info (286030): Timing-Driven Synthesis is running
Info (16010): Generating hard_block partition "hard_block:auto_generated_inst"
    Info (16011): Adding 0 node(s), including 0 DDIO, 0 PLL, 0 transceiver and 0 LCELL
Info (21057): Implemented 83 device resources after synthesis - the final resource count might be different
    Info (21058): Implemented 13 input pins
    Info (21059): Implemented 8 output pins
    Info (21061): Implemented 62 logic cells
Info: Quartus II 64-Bit Analysis & Synthesis was successful. 0 errors, 7 warnings
    Info: Peak virtual memory: 518 megabytes
    Info: Processing ended: Tue Oct 22 21:48:44 2024
    Info: Elapsed time: 00:00:05
    Info: Total CPU time (on all processors): 00:00:04


